\BOOKMARK [1][-]{toc1.1}{\376\377\000t\000o\166\356\000\040\000\040\000\040\137\125}{}% 1
\BOOKMARK [1][-]{section.0.1}{\376\377\0001\000\040\116\313\176\315}{}% 2
\BOOKMARK [1][-]{section.0.2}{\376\377\0002\000\040\213\355\212\000\124\214\143\245\123\343}{}% 3
\BOOKMARK [1][-]{section.0.3}{\376\377\0003\000\040\124\175\124\015\145\271\150\110}{}% 4
\BOOKMARK [2][-]{subsection.0.3.1}{\376\377\0003\000.\0001\000\040\171\072\117\213}{section.0.3}% 5
\BOOKMARK [2][-]{subsection.0.3.2}{\376\377\0003\000.\0002\000\040\153\143\137\017\166\204\124\175\124\015\213\355\154\325}{section.0.3}% 6
\BOOKMARK [3][-]{subsubsection.0.3.2.1}{\376\377\0003\000.\0002\000.\0001\000\040\123\072\122\006\171\301\147\011\147\120\145\231\124\214\121\154\121\161\147\120\145\231}{subsection.0.3.2}% 7
\BOOKMARK [3][-]{subsubsection.0.3.2.2}{\376\377\0003\000.\0002\000.\0002\000\040\117\177\165\050\000\040\000@\000@\000\040\124\214\000\040\000l\0003\000d\000o\000c\000s\000t\000r\000i\000p\000\040\150\007\213\260\171\301\147\011\116\343\170\001}{subsection.0.3.2}% 8
\BOOKMARK [3][-]{subsubsection.0.3.2.3}{\376\377\0003\000.\0002\000.\0003\000\040\123\330\221\317\377\032\130\360\146\016}{subsection.0.3.2}% 9
\BOOKMARK [3][-]{subsubsection.0.3.2.4}{\376\377\0003\000.\0002\000.\0004\000\040\123\330\221\317\377\032\117\134\165\050\127\337\124\214\174\173\127\213}{subsection.0.3.2}% 10
\BOOKMARK [3][-]{subsubsection.0.3.2.5}{\376\377\0003\000.\0002\000.\0005\000\040\123\330\221\317\377\032\143\007\133\374}{subsection.0.3.2}% 11
\BOOKMARK [3][-]{subsubsection.0.3.2.6}{\376\377\0003\000.\0002\000.\0006\000\040\121\375\145\160\377\032\123\302\145\160\211\304\203\003}{subsection.0.3.2}% 12
\BOOKMARK [1][-]{section.0.4}{\376\377\0004\000\040\134\125\137\000\143\247\122\066}{}% 13
\BOOKMARK [2][-]{subsection.0.4.1}{\376\377\0004\000.\0001\000\040\173\200\123\125\141\017\124\163\167\100\146\364\131\175}{section.0.4}% 14
\BOOKMARK [2][-]{subsection.0.4.2}{\376\377\0004\000.\0002\000\040\145\347\122\237\200\375\116\055\166\204\145\260\122\237\200\375}{section.0.4}% 15
\BOOKMARK [1][-]{section.0.5}{\376\377\0005\000\040\122\006\123\321}{}% 16
\BOOKMARK [1][-]{section.0.6}{\376\377\0006\000\040\116\316\000\040\000L\000a\000T\000e\000X\0002\003\265\000\040\217\301\171\373\122\060\000\040\000e\000x\000p\000l\0003}{}% 17
\BOOKMARK [1][-]{section.0.7}{\376\377\0007\000\040\000e\000x\000p\000l\0003\000\040\166\204\122\240\217\175\145\366\225\364\220\011\230\171}{}% 18
\BOOKMARK [1][-]{section.0.8}{\376\377\0008\000\040\117\177\165\050\000\040\000e\000x\000p\000l\0003\000\040\124\214\000\040\000L\000a\000T\000e\000X\0002\003\265\000\040\116\345\131\026\166\204\150\074\137\017}{}% 19
\BOOKMARK [1][-]{section.0.9}{\376\377\0009\000\040\137\025\144\316\000/\127\372\147\054\211\201\154\102}{}% 20
\BOOKMARK [1][-]{section.0.10}{\376\377\0001\0000\000\040\000L\000a\000T\000e\000X\000\040\230\171\166\356}{}% 21
\BOOKMARK [1][-]{bib2.1}{\376\377\123\302\200\003\145\207\163\056}{}% 22
\BOOKMARK [1][-]{section.0.11}{\376\377\0001\0001\000\040\000e\000x\000p\000l\0003\000\040\133\236\163\260}{}% 23
\BOOKMARK [2][-]{subsection.0.11.1}{\376\377\0001\0001\000.\0001\000\040\122\240\217\175\172\013\136\217\200\124\225\001}{section.0.11}% 24
\BOOKMARK [2][-]{subsection.0.11.2}{\376\377\0001\0001\000.\0002\000\040\000L\000a\000T\000e\000X\0002\003\265\000\040\122\240\217\175\172\013\136\217}{section.0.11}% 25
\BOOKMARK [2][-]{subsection.0.11.3}{\376\377\0001\0001\000.\0003\000\040\220\032\165\050\122\240\217\175\172\013\136\217}{section.0.11}% 26
\BOOKMARK [0][-]{index3.0}{\376\377\000I\000n\000d\000e\000x}{}% 27
\BOOKMARK [1][-]{HD.\CJKfamily {Heiti}угд\ тЈи.1}{\376\377\173\046\000\040\123\367}{index3.0}% 28
\BOOKMARK [1][-]{HD.A.1}{\376\377\000A}{index3.0}% 29
\BOOKMARK [1][-]{HD.B.1}{\376\377\000B}{index3.0}% 30
\BOOKMARK [1][-]{HD.C.1}{\376\377\000C}{index3.0}% 31
\BOOKMARK [1][-]{HD.D.1}{\376\377\000D}{index3.0}% 32
\BOOKMARK [1][-]{HD.E.1}{\376\377\000E}{index3.0}% 33
\BOOKMARK [1][-]{HD.F.1}{\376\377\000F}{index3.0}% 34
\BOOKMARK [1][-]{HD.G.1}{\376\377\000G}{index3.0}% 35
\BOOKMARK [1][-]{HD.I.1}{\376\377\000I}{index3.0}% 36
\BOOKMARK [1][-]{HD.K.1}{\376\377\000K}{index3.0}% 37
\BOOKMARK [1][-]{HD.L.1}{\376\377\000L}{index3.0}% 38
\BOOKMARK [1][-]{HD.M.1}{\376\377\000M}{index3.0}% 39
\BOOKMARK [1][-]{HD.N.1}{\376\377\000N}{index3.0}% 40
\BOOKMARK [1][-]{HD.O.1}{\376\377\000O}{index3.0}% 41
\BOOKMARK [1][-]{HD.P.1}{\376\377\000P}{index3.0}% 42
\BOOKMARK [1][-]{HD.R.1}{\376\377\000R}{index3.0}% 43
\BOOKMARK [1][-]{HD.S.1}{\376\377\000S}{index3.0}% 44
\BOOKMARK [1][-]{HD.T.1}{\376\377\000T}{index3.0}% 45
\BOOKMARK [1][-]{HD.U.1}{\376\377\000U}{index3.0}% 46
\BOOKMARK [1][-]{HD.W.1}{\376\377\000W}{index3.0}% 47
